2019-11-02T02:24:17+00:00 CRITICAL Uncaught Error: Call to a member function is_purchasable() on boolean in /var/www/html/wp-content/plugins/teylos-pricing-table-woocommerce/includes/teylos-pricing-table-woocommerce-frontend.php:29
Stack trace:
#0 /var/www/html/wp-includes/shortcodes.php(325): teylos_pricing_table_woocommerce_shortcode_function('', '', 'teylos_pricing_...')
#1 [internal function]: do_shortcode_tag(Array)
#2 /var/www/html/wp-includes/shortcodes.php(199): preg_replace_callback('/\\[(\\[?)(teylos...', 'do_shortcode_ta...', '[teylos_pricing...')
#3 /var/www/html/wp-content/themes/wilcity/header.php(23): do_shortcode('[teylos_pricing...')
#4 /var/www/html/wp-includes/template.php(722): require_once('/var/www/html/w...')
#5 /var/www/html/wp-includes/template.php(671): load_template('/var/www/html/w...', true)
#6 /var/www/html/wp-includes/general-template.php(41): locate_template(Array, true)
#7 /var/www/html/wp-content/themes/wilcity/templates/page-builder.php(6): get_header()
#8 /var/www/html/wp-includes/template-loader.php(78): in in /var/www/html/wp-content/plugins/teylos-pricing-table-woocommerce/includes/teylos-pricing-table-woocommerce-frontend.php on line 29

2019-11-02T02:27:10+00:00 CRITICAL Uncaught Error: Call to a member function is_purchasable() on boolean in /var/www/html/wp-content/plugins/teylos-pricing-table-woocommerce/includes/teylos-pricing-table-woocommerce-frontend.php:29
Stack trace:
#0 /var/www/html/wp-includes/shortcodes.php(325): teylos_pricing_table_woocommerce_shortcode_function('', '', 'teylos_pricing_...')
#1 [internal function]: do_shortcode_tag(Array)
#2 /var/www/html/wp-includes/shortcodes.php(199): preg_replace_callback('/\\[(\\[?)(teylos...', 'do_shortcode_ta...', '[teylos_pricing...')
#3 /var/www/html/wp-content/themes/wilcity/single-listing/header-featuredimage-fullwidth.php(24): do_shortcode('[teylos_pricing...')
#4 /var/www/html/wp-includes/template.php(724): require('/var/www/html/w...')
#5 /var/www/html/wp-includes/template.php(671): load_template('/var/www/html/w...', false)
#6 /var/www/html/wp-includes/general-template.php(168): locate_template(Array, true, false)
#7 /var/www/html/wp-content/themes/wilcity/single-listing/header.php(17): get_template_part('single- in /var/www/html/wp-content/plugins/teylos-pricing-table-woocommerce/includes/teylos-pricing-table-woocommerce-frontend.php on line 29

